<?xml version="1.0" encoding="UTF-8"?>
<coverage generated="1784972863288" clover="3.2.0">
  <project timestamp="1784972863288" name="All files">
    <metrics statements="168" coveredstatements="130" conditionals="189" coveredconditionals="93" methods="26" coveredmethods="18" elements="383" coveredelements="241" complexity="0" loc="168" ncloc="168" packages="9" files="20" classes="20"/>
    <package name=".storybook">
      <metrics statements="1" coveredstatements="1" conditionals="0" coveredconditionals="0" methods="0" coveredmethods="0"/>
      <file name="preview.tsx" path="/Users/joelbello/learn/practice/react/cineverse/.storybook/preview.tsx">
        <metrics statements="1" coveredstatements="1" conditionals="0" coveredconditionals="0" methods="0" coveredmethods="0"/>
        <line num="4" count="4" type="stmt"/>
      </file>
    </package>
    <package name="src">
      <metrics statements="15" coveredstatements="15" conditionals="25" coveredconditionals="19" methods="1" coveredmethods="1"/>
      <file name="App.tsx" path="/Users/joelbello/learn/practice/react/cineverse/src/App.tsx">
        <metrics statements="15" coveredstatements="15" conditionals="25" coveredconditionals="19" methods="1" coveredmethods="1"/>
        <line num="7" count="2" type="stmt"/>
        <line num="8" count="2" type="stmt"/>
        <line num="10" count="2" type="cond" truecount="4" falsecount="0"/>
        <line num="13" count="2" type="stmt"/>
        <line num="14" count="1" type="stmt"/>
        <line num="15" count="1" type="stmt"/>
        <line num="17" count="2" type="stmt"/>
        <line num="19" count="1" type="stmt"/>
        <line num="22" count="2" type="cond" truecount="3" falsecount="1"/>
        <line num="26" count="2" type="cond" truecount="4" falsecount="3"/>
        <line num="28" count="2" type="cond" truecount="2" falsecount="0"/>
        <line num="40" count="2" type="cond" truecount="3" falsecount="1"/>
        <line num="42" count="2" type="cond" truecount="2" falsecount="0"/>
        <line num="44" count="2" type="cond" truecount="1" falsecount="1"/>
        <line num="45" count="2" type="stmt"/>
      </file>
      <file name="index.css" path="/Users/joelbello/learn/practice/react/cineverse/src/index.css">
        <metrics statements="0" coveredstatements="0" conditionals="0" coveredconditionals="0" methods="0" coveredmethods="0"/>
      </file>
    </package>
    <package name="src.layout">
      <metrics statements="24" coveredstatements="24" conditionals="20" coveredconditionals="11" methods="3" coveredmethods="3"/>
      <file name="Footer.tsx" path="/Users/joelbello/learn/practice/react/cineverse/src/layout/Footer.tsx">
        <metrics statements="9" coveredstatements="9" conditionals="6" coveredconditionals="3" methods="1" coveredmethods="1"/>
        <line num="1" count="2" type="stmt"/>
        <line num="7" count="20" type="cond" truecount="1" falsecount="1"/>
        <line num="9" count="2" type="stmt"/>
        <line num="11" count="2" type="stmt"/>
        <line num="26" count="6" type="stmt"/>
        <line num="43" count="2" type="cond" truecount="1" falsecount="1"/>
        <line num="46" count="2" type="stmt"/>
        <line num="48" count="2" type="cond" truecount="1" falsecount="1"/>
        <line num="62" count="2" type="stmt"/>
      </file>
      <file name="Header.tsx" path="/Users/joelbello/learn/practice/react/cineverse/src/layout/Header.tsx">
        <metrics statements="12" coveredstatements="12" conditionals="12" coveredconditionals="7" methods="1" coveredmethods="1"/>
        <line num="3" count="1" type="stmt"/>
        <line num="5" count="4" type="cond" truecount="1" falsecount="1"/>
        <line num="7" count="1" type="stmt"/>
        <line num="9" count="1" type="stmt"/>
        <line num="10" count="1" type="stmt"/>
        <line num="17" count="1" type="cond" truecount="1" falsecount="1"/>
        <line num="34" count="1" type="cond" truecount="1" falsecount="1"/>
        <line num="37" count="1" type="stmt"/>
        <line num="43" count="1" type="cond" truecount="1" falsecount="1"/>
        <line num="44" count="1" type="stmt"/>
        <line num="46" count="1" type="cond" truecount="1" falsecount="1"/>
        <line num="56" count="1" type="stmt"/>
      </file>
      <file name="Hero.tsx" path="/Users/joelbello/learn/practice/react/cineverse/src/layout/Hero.tsx">
        <metrics statements="3" coveredstatements="3" conditionals="2" coveredconditionals="1" methods="1" coveredmethods="1"/>
        <line num="3" count="2" type="cond" truecount="1" falsecount="1"/>
        <line num="5" count="2" type="stmt"/>
        <line num="19" count="2" type="stmt"/>
      </file>
    </package>
    <package name="src.movies.actions">
      <metrics statements="3" coveredstatements="2" conditionals="1" coveredconditionals="1" methods="1" coveredmethods="1"/>
      <file name="get-trending-movies.ts" path="/Users/joelbello/learn/practice/react/cineverse/src/movies/actions/get-trending-movies.ts">
        <metrics statements="3" coveredstatements="2" conditionals="1" coveredconditionals="1" methods="1" coveredmethods="1"/>
        <line num="12" count="1" type="stmt"/>
        <line num="15" count="1" type="stmt"/>
        <line num="24" count="0" type="stmt"/>
      </file>
    </package>
    <package name="src.movies.api">
      <metrics statements="1" coveredstatements="1" conditionals="0" coveredconditionals="0" methods="0" coveredmethods="0"/>
      <file name="TMDB.api.ts" path="/Users/joelbello/learn/practice/react/cineverse/src/movies/api/TMDB.api.ts">
        <metrics statements="1" coveredstatements="1" conditionals="0" coveredconditionals="0" methods="0" coveredmethods="0"/>
        <line num="3" count="1" type="stmt"/>
      </file>
    </package>
    <package name="src.movies.components">
      <metrics statements="38" coveredstatements="16" conditionals="62" coveredconditionals="13" methods="3" coveredmethods="1"/>
      <file name="MovieCard.tsx" path="/Users/joelbello/learn/practice/react/cineverse/src/movies/components/MovieCard.tsx">
        <metrics statements="23" coveredstatements="1" conditionals="33" coveredconditionals="0" methods="1" coveredmethods="0"/>
        <line num="9" count="1" type="cond" truecount="0" falsecount="4"/>
        <line num="11" count="0" type="stmt"/>
        <line num="12" count="0" type="stmt"/>
        <line num="13" count="0" type="stmt"/>
        <line num="17" count="0" type="cond" truecount="0" falsecount="2"/>
        <line num="18" count="0" type="cond" truecount="0" falsecount="2"/>
        <line num="20" count="0" type="stmt"/>
        <line num="21" count="0" type="cond" truecount="0" falsecount="2"/>
        <line num="25" count="0" type="cond" truecount="0" falsecount="2"/>
        <line num="27" count="0" type="stmt"/>
        <line num="29" count="0" type="cond" truecount="0" falsecount="4"/>
        <line num="30" count="0" type="cond" truecount="0" falsecount="2"/>
        <line num="32" count="0" type="stmt"/>
        <line num="33" count="0" type="stmt"/>
        <line num="35" count="0" type="cond" truecount="0" falsecount="2"/>
        <line num="36" count="0" type="stmt"/>
        <line num="38" count="0" type="cond" truecount="0" falsecount="2"/>
        <line num="39" count="0" type="stmt"/>
        <line num="41" count="0" type="stmt"/>
        <line num="45" count="0" type="cond" truecount="0" falsecount="2"/>
        <line num="47" count="0" type="cond" truecount="0" falsecount="5"/>
        <line num="48" count="0" type="cond" truecount="0" falsecount="4"/>
        <line num="49" count="0" type="stmt"/>
      </file>
      <file name="TrendingMovieList.tsx" path="/Users/joelbello/learn/practice/react/cineverse/src/movies/components/TrendingMovieList.tsx">
        <metrics statements="15" coveredstatements="15" conditionals="29" coveredconditionals="13" methods="2" coveredmethods="1"/>
        <line num="12" count="1" type="stmt"/>
        <line num="17" count="1" type="cond" truecount="2" falsecount="3"/>
        <line num="18" count="1" type="stmt"/>
        <line num="22" count="1" type="cond" truecount="1" falsecount="1"/>
        <line num="25" count="1" type="stmt"/>
        <line num="26" count="1" type="stmt"/>
        <line num="27" count="1" type="stmt"/>
        <line num="29" count="1" type="cond" truecount="1" falsecount="1"/>
        <line num="30" count="1" type="cond" truecount="1" falsecount="1"/>
        <line num="32" count="1" type="stmt"/>
        <line num="33" count="1" type="cond" truecount="3" falsecount="3"/>
        <line num="34" count="1" type="cond" truecount="1" falsecount="2"/>
        <line num="36" count="1" type="cond" truecount="2" falsecount="3"/>
        <line num="37" count="1" type="cond" truecount="2" falsecount="2"/>
        <line num="38" count="1" type="stmt"/>
      </file>
    </package>
    <package name="src.movies.hooks">
      <metrics statements="42" coveredstatements="28" conditionals="22" coveredconditionals="5" methods="10" coveredmethods="6"/>
      <file name="useInfiniteScroll.ts" path="/Users/joelbello/learn/practice/react/cineverse/src/movies/hooks/useInfiniteScroll.ts">
        <metrics statements="15" coveredstatements="12" conditionals="14" coveredconditionals="4" methods="4" coveredmethods="3"/>
        <line num="9" count="1" type="stmt"/>
        <line num="10" count="1" type="cond" truecount="2" falsecount="3"/>
        <line num="12" count="1" type="stmt"/>
        <line num="13" count="1" type="stmt"/>
        <line num="14" count="0" type="cond" truecount="0" falsecount="5"/>
        <line num="15" count="0" type="stmt"/>
        <line num="17" count="0" type="stmt"/>
        <line num="19" count="1" type="cond" truecount="1" falsecount="1"/>
        <line num="21" count="1" type="stmt"/>
        <line num="22" count="1" type="stmt"/>
        <line num="23" count="1" type="cond" truecount="1" falsecount="1"/>
        <line num="25" count="1" type="stmt"/>
        <line num="29" count="1" type="stmt"/>
        <line num="30" count="1" type="stmt"/>
        <line num="31" count="1" type="stmt"/>
      </file>
      <file name="useTrendingMovies.ts" path="/Users/joelbello/learn/practice/react/cineverse/src/movies/hooks/useTrendingMovies.ts">
        <metrics statements="27" coveredstatements="16" conditionals="8" coveredconditionals="1" methods="6" coveredmethods="3"/>
        <line num="7" count="1" type="stmt"/>
        <line num="8" count="2" type="stmt"/>
        <line num="9" count="2" type="stmt"/>
        <line num="10" count="2" type="stmt"/>
        <line num="11" count="2" type="stmt"/>
        <line num="13" count="2" type="stmt"/>
        <line num="15" count="2" type="stmt"/>
        <line num="16" count="1" type="cond" truecount="1" falsecount="1"/>
        <line num="18" count="1" type="stmt"/>
        <line num="19" count="1" type="stmt"/>
        <line num="21" count="1" type="stmt"/>
        <line num="23" count="1" type="stmt"/>
        <line num="25" count="0" type="stmt"/>
        <line num="26" count="0" type="cond" truecount="0" falsecount="2"/>
        <line num="29" count="0" type="stmt"/>
        <line num="31" count="0" type="stmt"/>
        <line num="33" count="0" type="stmt"/>
        <line num="34" count="0" type="stmt"/>
        <line num="38" count="2" type="stmt"/>
        <line num="39" count="1" type="stmt"/>
        <line num="42" count="2" type="stmt"/>
        <line num="43" count="0" type="cond" truecount="0" falsecount="4"/>
        <line num="44" count="0" type="stmt"/>
        <line num="45" count="0" type="stmt"/>
        <line num="46" count="0" type="stmt"/>
        <line num="47" count="0" type="stmt"/>
        <line num="52" count="2" type="stmt"/>
      </file>
    </package>
    <package name="src.shared.components">
      <metrics statements="4" coveredstatements="4" conditionals="9" coveredconditionals="5" methods="1" coveredmethods="1"/>
      <file name="Card.tsx" path="/Users/joelbello/learn/practice/react/cineverse/src/shared/components/Card.tsx">
        <metrics statements="4" coveredstatements="4" conditionals="9" coveredconditionals="5" methods="1" coveredmethods="1"/>
        <line num="7" count="3" type="cond" truecount="3" falsecount="1"/>
        <line num="9" count="3" type="stmt"/>
        <line num="10" count="3" type="cond" truecount="2" falsecount="3"/>
        <line num="14" count="3" type="stmt"/>
      </file>
    </package>
    <package name="src.stories">
      <metrics statements="40" coveredstatements="39" conditionals="50" coveredconditionals="39" methods="7" coveredmethods="5"/>
      <file name="Button.tsx" path="/Users/joelbello/learn/practice/react/cineverse/src/stories/Button.tsx">
        <metrics statements="10" coveredstatements="9" conditionals="20" coveredconditionals="13" methods="1" coveredmethods="1"/>
        <line num="17" count="12" type="cond" truecount="1" falsecount="1"/>
        <line num="18" count="12" type="cond" truecount="2" falsecount="0"/>
        <line num="19" count="12" type="cond" truecount="2" falsecount="0"/>
        <line num="23" count="0" type="stmt"/>
        <line num="24" count="12" type="cond" truecount="2" falsecount="0"/>
        <line num="28" count="12" type="stmt"/>
        <line num="30" count="12" type="cond" truecount="2" falsecount="2"/>
        <line num="32" count="12" type="cond" truecount="2" falsecount="0"/>
        <line num="33" count="12" type="cond" truecount="2" falsecount="4"/>
        <line num="37" count="12" type="stmt"/>
      </file>
      <file name="Header.tsx" path="/Users/joelbello/learn/practice/react/cineverse/src/stories/Header.tsx">
        <metrics statements="6" coveredstatements="6" conditionals="10" coveredconditionals="9" methods="1" coveredmethods="1"/>
        <line num="15" count="5" type="stmt"/>
        <line num="20" count="5" type="cond" truecount="2" falsecount="0"/>
        <line num="21" count="5" type="stmt"/>
        <line num="23" count="4" type="stmt"/>
        <line num="46" count="5" type="cond" truecount="5" falsecount="1"/>
        <line num="68" count="5" type="stmt"/>
      </file>
      <file name="Hero.tsx" path="/Users/joelbello/learn/practice/react/cineverse/src/stories/Hero.tsx">
        <metrics statements="3" coveredstatements="3" conditionals="2" coveredconditionals="1" methods="1" coveredmethods="1"/>
        <line num="3" count="1" type="cond" truecount="1" falsecount="1"/>
        <line num="4" count="1" type="stmt"/>
        <line num="18" count="1" type="stmt"/>
      </file>
      <file name="Page.tsx" path="/Users/joelbello/learn/practice/react/cineverse/src/stories/Page.tsx">
        <metrics statements="21" coveredstatements="21" conditionals="18" coveredconditionals="16" methods="4" coveredmethods="2"/>
        <line num="10" count="3" type="stmt"/>
        <line num="11" count="3" type="cond" truecount="2" falsecount="0"/>
        <line num="14" count="3" type="stmt"/>
        <line num="15" count="3" type="stmt"/>
        <line num="17" count="2" type="stmt"/>
        <line num="18" count="2" type="stmt"/>
        <line num="19" count="3" type="cond" truecount="1" falsecount="1"/>
        <line num="20" count="3" type="cond" truecount="2" falsecount="0"/>
        <line num="22" count="2" type="stmt"/>
        <line num="23" count="3" type="cond" truecount="2" falsecount="0"/>
        <line num="24" count="2" type="stmt"/>
        <line num="31" count="2" type="stmt"/>
        <line num="36" count="2" type="stmt"/>
        <line num="45" count="3" type="cond" truecount="2" falsecount="0"/>
        <line num="46" count="2" type="stmt"/>
        <line num="48" count="2" type="stmt"/>
        <line num="50" count="3" type="cond" truecount="2" falsecount="0"/>
        <line num="56" count="3" type="cond" truecount="2" falsecount="0"/>
        <line num="58" count="3" type="cond" truecount="2" falsecount="0"/>
        <line num="70" count="3" type="cond" truecount="1" falsecount="1"/>
        <line num="71" count="3" type="stmt"/>
      </file>
      <file name="button.css" path="/Users/joelbello/learn/practice/react/cineverse/src/stories/button.css">
        <metrics statements="0" coveredstatements="0" conditionals="0" coveredconditionals="0" methods="0" coveredmethods="0"/>
      </file>
      <file name="header.css" path="/Users/joelbello/learn/practice/react/cineverse/src/stories/header.css">
        <metrics statements="0" coveredstatements="0" conditionals="0" coveredconditionals="0" methods="0" coveredmethods="0"/>
      </file>
      <file name="page.css" path="/Users/joelbello/learn/practice/react/cineverse/src/stories/page.css">
        <metrics statements="0" coveredstatements="0" conditionals="0" coveredconditionals="0" methods="0" coveredmethods="0"/>
      </file>
    </package>
  </project>
</coverage>
