{"/Users/joelbello/learn/practice/react/cineverse/.storybook/preview.tsx": {"path":"/Users/joelbello/learn/practice/react/cineverse/.storybook/preview.tsx","statementMap":{"0":{"start":{"line":4,"column":25},"end":{"line":22,"column":null}}},"fnMap":{},"branchMap":{},"s":{"0":4},"f":{},"b":{},"meta":{"lastBranch":0,"lastFunction":0,"lastStatement":1,"seen":{"s:4:25:22:Infinity":0},"fnNames":{}}}
,"/Users/joelbello/learn/practice/react/cineverse/src/App.tsx": {"path":"/Users/joelbello/learn/practice/react/cineverse/src/App.tsx","statementMap":{"0":{"start":{"line":7,"column":0},"end":{"line":7,"column":null}},"1":{"start":{"line":8,"column":54},"end":{"line":8,"column":72}},"2":{"start":{"line":10,"column":27},"end":{"line":10,"column":58}},"3":{"start":{"line":10,"column":58},"end":{"line":15,"column":null}},"4":{"start":{"line":14,"column":6},"end":{"line":14,"column":null}},"5":{"start":{"line":15,"column":6},"end":{"line":15,"column":14}},"6":{"start":{"line":15,"column":14},"end":{"line":15,"column":null}},"7":{"start":{"line":22,"column":17},"end":{"line":22,"column":23}},"8":{"start":{"line":22,"column":36},"end":{"line":26,"column":null}},"9":{"start":{"line":19,"column":10},"end":{"line":26,"column":null}},"10":{"start":{"line":26,"column":16},"end":{"line":26,"column":null}},"11":{"start":{"line":26,"column":16},"end":{"line":40,"column":null}},"12":{"start":{"line":28,"column":11},"end":{"line":38,"column":null}},"13":{"start":{"line":40,"column":11},"end":{"line":40,"column":null}},"14":{"start":{"line":40,"column":11},"end":{"line":42,"column":null}},"15":{"start":{"line":17,"column":6},"end":{"line":42,"column":null}},"16":{"start":{"line":42,"column":13},"end":{"line":42,"column":null}},"17":{"start":{"line":42,"column":13},"end":{"line":44,"column":null}},"18":{"start":{"line":44,"column":6},"end":{"line":44,"column":16}},"19":{"start":{"line":44,"column":16},"end":{"line":44,"column":null}},"20":{"start":{"line":44,"column":16},"end":{"line":45,"column":null}},"21":{"start":{"line":13,"column":4},"end":{"line":45,"column":null}},"22":{"start":{"line":45,"column":10},"end":{"line":45,"column":null}},"23":{"start":{"line":45,"column":10},"end":{"line":13,"column":19}}},"fnMap":{"0":{"name":"App","decl":{"start":{"line":7,"column":0},"end":{"line":7,"column":null}},"loc":{"start":{"line":7,"column":0},"end":{"line":45,"column":null}},"line":7}},"branchMap":{"0":{"loc":{"start":{"line":10,"column":27},"end":{"line":10,"column":58}},"type":"binary-expr","locations":[{"start":{"line":10,"column":27},"end":{"line":10,"column":38}},{"start":{"line":10,"column":38},"end":{"line":10,"column":58}}],"line":10},"1":{"loc":{"start":{"line":10,"column":58},"end":{"line":15,"column":null}},"type":"if","locations":[{"start":{"line":10,"column":58},"end":{"line":15,"column":null}},{"start":{"line":15,"column":14},"end":{"line":15,"column":null}}],"line":10},"2":{"loc":{"start":{"line":22,"column":17},"end":{"line":22,"column":23}},"type":"binary-expr","locations":[{"start":{"line":22,"column":17},"end":{"line":22,"column":36}},{"start":{"line":22,"column":17},"end":{"line":22,"column":23}}],"line":22},"3":{"loc":{"start":{"line":22,"column":36},"end":{"line":26,"column":null}},"type":"if","locations":[{"start":{"line":22,"column":36},"end":{"line":26,"column":null}},{"start":{"line":26,"column":16},"end":{"line":26,"column":null}}],"line":22},"4":{"loc":{"start":{"line":26,"column":16},"end":{"line":40,"column":null}},"type":"if","locations":[{"start":{"line":26,"column":16},"end":{"line":40,"column":null}},{"start":{"line":40,"column":11},"end":{"line":40,"column":null}}],"line":26},"5":{"loc":{"start":{"line":26,"column":16},"end":{"line":26,"column":null}},"type":"binary-expr","locations":[{"start":{"line":26,"column":16},"end":{"line":26,"column":null}},{"start":{"line":26,"column":16},"end":{"line":26,"column":null}},{"start":{"line":26,"column":16},"end":{"line":26,"column":null}},{"start":{"line":26,"column":16},"end":{"line":26,"column":null}},{"start":{"line":26,"column":16},"end":{"line":26,"column":null}}],"line":26},"6":{"loc":{"start":{"line":28,"column":11},"end":{"line":38,"column":null}},"type":"cond-expr","locations":[{"start":{"line":29,"column":12},"end":{"line":34,"column":13}},{"start":{"line":34,"column":12},"end":{"line":38,"column":null}}],"line":28},"7":{"loc":{"start":{"line":40,"column":11},"end":{"line":42,"column":null}},"type":"if","locations":[{"start":{"line":40,"column":11},"end":{"line":42,"column":null}},{"start":{"line":42,"column":13},"end":{"line":42,"column":null}}],"line":40},"8":{"loc":{"start":{"line":40,"column":11},"end":{"line":40,"column":null}},"type":"binary-expr","locations":[{"start":{"line":40,"column":11},"end":{"line":40,"column":null}},{"start":{"line":40,"column":11},"end":{"line":40,"column":null}}],"line":40},"9":{"loc":{"start":{"line":42,"column":13},"end":{"line":44,"column":null}},"type":"if","locations":[{"start":{"line":42,"column":13},"end":{"line":44,"column":null}},{"start":{"line":44,"column":16},"end":{"line":44,"column":null}}],"line":42},"10":{"loc":{"start":{"line":44,"column":16},"end":{"line":45,"column":null}},"type":"if","locations":[{"start":{"line":44,"column":16},"end":{"line":45,"column":null}},{"start":{"line":45,"column":10},"end":{"line":45,"column":null}}],"line":44}},"s":{"0":2,"1":2,"2":2,"3":2,"4":1,"5":1,"6":1,"7":2,"8":2,"9":1,"10":1,"11":2,"12":2,"13":0,"14":2,"15":2,"16":0,"17":2,"18":1,"19":1,"20":2,"21":2,"22":0,"23":2},"f":{"0":2},"b":{"0":[2,1],"1":[1,1],"2":[2,0],"3":[1,1],"4":[2,0],"5":[2,1,1,0,0],"6":[1,1],"7":[2,0],"8":[2,1],"9":[1,1],"10":[2,0]},"meta":{"lastBranch":11,"lastFunction":1,"lastStatement":24,"seen":{"f:7:0:7:Infinity":0,"s:7:0:7:Infinity":0,"s:8:54:8:72":1,"s:10:27:10:58":2,"b:10:27:10:38:10:38:10:58":0,"b:10:58:15:Infinity:15:14:15:Infinity":1,"s:10:58:15:Infinity":3,"s:14:6:14:Infinity":4,"s:15:6:15:14":5,"s:15:14:15:Infinity":6,"s:22:17:22:23":7,"b:22:17:22:36:22:17:22:23":2,"b:22:36:26:Infinity:26:16:26:Infinity":3,"s:22:36:26:Infinity":8,"s:19:10:26:Infinity":9,"s:26:16:26:Infinity":10,"b:26:16:40:Infinity:40:11:40:Infinity":4,"s:26:16:40:Infinity":11,"b:26:16:26:Infinity:26:16:26:Infinity:26:16:26:Infinity:26:16:26:Infinity:26:16:26:Infinity":5,"s:28:11:38:Infinity":12,"b:29:12:34:13:34:12:38:Infinity":6,"s:40:11:40:Infinity":13,"b:40:11:42:Infinity:42:13:42:Infinity":7,"s:40:11:42:Infinity":14,"b:40:11:40:Infinity:40:11:40:Infinity":8,"s:17:6:42:Infinity":15,"s:42:13:42:Infinity":16,"b:42:13:44:Infinity:44:16:44:Infinity":9,"s:42:13:44:Infinity":17,"s:44:6:44:16":18,"s:44:16:44:Infinity":19,"b:44:16:45:Infinity:45:10:45:Infinity":10,"s:44:16:45:Infinity":20,"s:13:4:45:Infinity":21,"s:45:10:45:Infinity":22,"s:45:10:13:19":23},"fnNames":{}}}
,"/Users/joelbello/learn/practice/react/cineverse/src/index.css": {"path":"/Users/joelbello/learn/practice/react/cineverse/src/index.css","statementMap":{},"fnMap":{},"branchMap":{},"s":{},"f":{},"b":{},"meta":{"lastBranch":0,"lastFunction":0,"lastStatement":0,"seen":{},"fnNames":{}}}
,"/Users/joelbello/learn/practice/react/cineverse/src/layout/Footer.tsx": {"path":"/Users/joelbello/learn/practice/react/cineverse/src/layout/Footer.tsx","statementMap":{"0":{"start":{"line":1,"column":21},"end":{"line":5,"column":null}},"1":{"start":{"line":7,"column":7},"end":{"line":7,"column":null}},"2":{"start":{"line":7,"column":7},"end":{"line":43,"column":null}},"3":{"start":{"line":11,"column":8},"end":{"line":43,"column":null}},"4":{"start":{"line":43,"column":14},"end":{"line":43,"column":null}},"5":{"start":{"line":43,"column":14},"end":{"line":48,"column":null}},"6":{"start":{"line":46,"column":10},"end":{"line":48,"column":null}},"7":{"start":{"line":48,"column":14},"end":{"line":48,"column":null}},"8":{"start":{"line":48,"column":14},"end":{"line":62,"column":null}},"9":{"start":{"line":9,"column":4},"end":{"line":62,"column":null}},"10":{"start":{"line":62,"column":13},"end":{"line":62,"column":null}},"11":{"start":{"line":62,"column":13},"end":{"line":9,"column":22}},"12":{"start":{"line":7,"column":7},"end":{"line":57,"column":null}},"13":{"start":{"line":26,"column":45},"end":{"line":26,"column":61}},"14":{"start":{"line":26,"column":61},"end":{"line":41,"column":null}},"15":{"start":{"line":7,"column":7},"end":{"line":38,"column":null}}},"fnMap":{"0":{"name":"Footer","decl":{"start":{"line":7,"column":7},"end":{"line":7,"column":null}},"loc":{"start":{"line":7,"column":7},"end":{"line":62,"column":null}},"line":7}},"branchMap":{"0":{"loc":{"start":{"line":7,"column":7},"end":{"line":43,"column":null}},"type":"if","locations":[{"start":{"line":7,"column":7},"end":{"line":43,"column":null}},{"start":{"line":43,"column":14},"end":{"line":43,"column":null}}],"line":7},"1":{"loc":{"start":{"line":43,"column":14},"end":{"line":48,"column":null}},"type":"if","locations":[{"start":{"line":43,"column":14},"end":{"line":48,"column":null}},{"start":{"line":48,"column":14},"end":{"line":48,"column":null}}],"line":43},"2":{"loc":{"start":{"line":48,"column":14},"end":{"line":62,"column":null}},"type":"if","locations":[{"start":{"line":48,"column":14},"end":{"line":62,"column":null}},{"start":{"line":62,"column":13},"end":{"line":62,"column":null}}],"line":48}},"s":{"0":2,"1":2,"2":2,"3":2,"4":0,"5":2,"6":2,"7":0,"8":2,"9":2,"10":0,"11":2,"12":6,"13":6,"14":6,"15":20},"f":{"0":34},"b":{"0":[2,0],"1":[2,0],"2":[2,0]},"meta":{"lastBranch":3,"lastFunction":1,"lastStatement":16,"seen":{"s:1:21:5:Infinity":0,"f:7:7:7:Infinity":0,"s:7:7:7:Infinity":1,"b:7:7:43:Infinity:43:14:43:Infinity":0,"s:7:7:43:Infinity":2,"s:11:8:43:Infinity":3,"s:43:14:43:Infinity":4,"b:43:14:48:Infinity:48:14:48:Infinity":1,"s:43:14:48:Infinity":5,"s:46:10:48:Infinity":6,"s:48:14:48:Infinity":7,"b:48:14:62:Infinity:62:13:62:Infinity":2,"s:48:14:62:Infinity":8,"s:9:4:62:Infinity":9,"s:62:13:62:Infinity":10,"s:62:13:9:22":11,"s:7:7:57:Infinity":12,"s:26:45:26:61":13,"s:26:61:41:Infinity":14,"s:7:7:38:Infinity":15},"fnNames":{}}}
,"/Users/joelbello/learn/practice/react/cineverse/src/layout/Header.tsx": {"path":"/Users/joelbello/learn/practice/react/cineverse/src/layout/Header.tsx","statementMap":{"0":{"start":{"line":3,"column":18},"end":{"line":3,"column":null}},"1":{"start":{"line":5,"column":7},"end":{"line":5,"column":null}},"2":{"start":{"line":5,"column":7},"end":{"line":17,"column":null}},"3":{"start":{"line":10,"column":10},"end":{"line":17,"column":null}},"4":{"start":{"line":17,"column":14},"end":{"line":17,"column":null}},"5":{"start":{"line":17,"column":14},"end":{"line":34,"column":null}},"6":{"start":{"line":9,"column":8},"end":{"line":34,"column":null}},"7":{"start":{"line":34,"column":14},"end":{"line":34,"column":null}},"8":{"start":{"line":34,"column":14},"end":{"line":43,"column":null}},"9":{"start":{"line":37,"column":10},"end":{"line":43,"column":null}},"10":{"start":{"line":43,"column":16},"end":{"line":43,"column":null}},"11":{"start":{"line":43,"column":16},"end":{"line":46,"column":null}},"12":{"start":{"line":44,"column":10},"end":{"line":46,"column":null}},"13":{"start":{"line":46,"column":19},"end":{"line":46,"column":null}},"14":{"start":{"line":46,"column":19},"end":{"line":56,"column":null}},"15":{"start":{"line":7,"column":4},"end":{"line":56,"column":null}},"16":{"start":{"line":56,"column":13},"end":{"line":56,"column":null}},"17":{"start":{"line":56,"column":13},"end":{"line":7,"column":22}},"18":{"start":{"line":5,"column":7},"end":{"line":31,"column":null}}},"fnMap":{"0":{"name":"Header","decl":{"start":{"line":5,"column":7},"end":{"line":5,"column":null}},"loc":{"start":{"line":5,"column":7},"end":{"line":56,"column":null}},"line":5}},"branchMap":{"0":{"loc":{"start":{"line":5,"column":7},"end":{"line":17,"column":null}},"type":"if","locations":[{"start":{"line":5,"column":7},"end":{"line":17,"column":null}},{"start":{"line":17,"column":14},"end":{"line":17,"column":null}}],"line":5},"1":{"loc":{"start":{"line":17,"column":14},"end":{"line":34,"column":null}},"type":"if","locations":[{"start":{"line":17,"column":14},"end":{"line":34,"column":null}},{"start":{"line":34,"column":14},"end":{"line":34,"column":null}}],"line":17},"2":{"loc":{"start":{"line":34,"column":14},"end":{"line":43,"column":null}},"type":"if","locations":[{"start":{"line":34,"column":14},"end":{"line":43,"column":null}},{"start":{"line":43,"column":16},"end":{"line":43,"column":null}}],"line":34},"3":{"loc":{"start":{"line":43,"column":16},"end":{"line":46,"column":null}},"type":"if","locations":[{"start":{"line":43,"column":16},"end":{"line":46,"column":null}},{"start":{"line":46,"column":19},"end":{"line":46,"column":null}}],"line":43},"4":{"loc":{"start":{"line":46,"column":19},"end":{"line":56,"column":null}},"type":"if","locations":[{"start":{"line":46,"column":19},"end":{"line":56,"column":null}},{"start":{"line":56,"column":13},"end":{"line":56,"column":null}}],"line":46},"5":{"loc":{"start":{"line":25,"column":18},"end":{"line":25,"column":24}},"type":"cond-expr","locations":[{"start":{"line":25,"column":18},"end":{"line":25,"column":24}},{"start":{"line":25,"column":18},"end":{"line":25,"column":24}}],"line":25}},"s":{"0":1,"1":1,"2":1,"3":1,"4":0,"5":1,"6":1,"7":0,"8":1,"9":1,"10":0,"11":1,"12":1,"13":0,"14":1,"15":1,"16":0,"17":1,"18":4},"f":{"0":5},"b":{"0":[1,0],"1":[1,0],"2":[1,0],"3":[1,0],"4":[1,0],"5":[1,3]},"meta":{"lastBranch":6,"lastFunction":1,"lastStatement":19,"seen":{"s:3:18:3:Infinity":0,"f:5:7:5:Infinity":0,"s:5:7:5:Infinity":1,"b:5:7:17:Infinity:17:14:17:Infinity":0,"s:5:7:17:Infinity":2,"s:10:10:17:Infinity":3,"s:17:14:17:Infinity":4,"b:17:14:34:Infinity:34:14:34:Infinity":1,"s:17:14:34:Infinity":5,"s:9:8:34:Infinity":6,"s:34:14:34:Infinity":7,"b:34:14:43:Infinity:43:16:43:Infinity":2,"s:34:14:43:Infinity":8,"s:37:10:43:Infinity":9,"s:43:16:43:Infinity":10,"b:43:16:46:Infinity:46:19:46:Infinity":3,"s:43:16:46:Infinity":11,"s:44:10:46:Infinity":12,"s:46:19:46:Infinity":13,"b:46:19:56:Infinity:56:13:56:Infinity":4,"s:46:19:56:Infinity":14,"s:7:4:56:Infinity":15,"s:56:13:56:Infinity":16,"s:56:13:7:22":17,"s:5:7:31:Infinity":18,"b:25:18:25:24:25:18:25:24":5},"fnNames":{}}}
,"/Users/joelbello/learn/practice/react/cineverse/src/layout/Hero.tsx": {"path":"/Users/joelbello/learn/practice/react/cineverse/src/layout/Hero.tsx","statementMap":{"0":{"start":{"line":3,"column":7},"end":{"line":3,"column":null}},"1":{"start":{"line":3,"column":7},"end":{"line":19,"column":null}},"2":{"start":{"line":5,"column":4},"end":{"line":19,"column":null}},"3":{"start":{"line":19,"column":14},"end":{"line":19,"column":null}},"4":{"start":{"line":19,"column":14},"end":{"line":5,"column":23}}},"fnMap":{"0":{"name":"Hero","decl":{"start":{"line":3,"column":7},"end":{"line":3,"column":null}},"loc":{"start":{"line":3,"column":7},"end":{"line":19,"column":null}},"line":3}},"branchMap":{"0":{"loc":{"start":{"line":3,"column":7},"end":{"line":19,"column":null}},"type":"if","locations":[{"start":{"line":3,"column":7},"end":{"line":19,"column":null}},{"start":{"line":19,"column":14},"end":{"line":19,"column":null}}],"line":3}},"s":{"0":2,"1":2,"2":2,"3":0,"4":2},"f":{"0":2},"b":{"0":[2,0]},"meta":{"lastBranch":1,"lastFunction":1,"lastStatement":5,"seen":{"f:3:7:3:Infinity":0,"s:3:7:3:Infinity":0,"b:3:7:19:Infinity:19:14:19:Infinity":0,"s:3:7:19:Infinity":1,"s:5:4:19:Infinity":2,"s:19:14:19:Infinity":3,"s:19:14:5:23":4},"fnNames":{}}}
,"/Users/joelbello/learn/practice/react/cineverse/src/movies/actions/get-trending-movies.ts": {"path":"/Users/joelbello/learn/practice/react/cineverse/src/movies/actions/get-trending-movies.ts","statementMap":{"0":{"start":{"line":12,"column":33},"end":{"line":28,"column":null}},"1":{"start":{"line":15,"column":19},"end":{"line":22,"column":null}},"2":{"start":{"line":24,"column":2},"end":{"line":27,"column":null}}},"fnMap":{"0":{"name":"(anonymous_0)","decl":{"start":{"line":12,"column":33},"end":{"line":12,"column":null}},"loc":{"start":{"line":14,"column":38},"end":{"line":28,"column":null}},"line":14}},"branchMap":{"0":{"loc":{"start":{"line":13,"column":2},"end":{"line":13,"column":null}},"type":"default-arg","locations":[{"start":{"line":13,"column":17},"end":{"line":13,"column":null}}],"line":13}},"s":{"0":1,"1":1,"2":0},"f":{"0":1},"b":{"0":[1]},"meta":{"lastBranch":1,"lastFunction":1,"lastStatement":3,"seen":{"s:12:33:28:Infinity":0,"f:12:33:12:Infinity":0,"b:13:17:13:Infinity":0,"s:15:19:22:Infinity":1,"s:24:2:27:Infinity":2},"fnNames":{}}}
,"/Users/joelbello/learn/practice/react/cineverse/src/movies/api/TMDB.api.ts": {"path":"/Users/joelbello/learn/practice/react/cineverse/src/movies/api/TMDB.api.ts","statementMap":{"0":{"start":{"line":3,"column":23},"end":{"line":12,"column":null}}},"fnMap":{},"branchMap":{},"s":{"0":1},"f":{},"b":{},"meta":{"lastBranch":0,"lastFunction":0,"lastStatement":1,"seen":{"s:3:23:12:Infinity":0},"fnNames":{}}}
,"/Users/joelbello/learn/practice/react/cineverse/src/movies/components/MovieCard.tsx": {"path":"/Users/joelbello/learn/practice/react/cineverse/src/movies/components/MovieCard.tsx","statementMap":{"0":{"start":{"line":9,"column":13},"end":{"line":49,"column":null}},"1":{"start":{"line":9,"column":25},"end":{"line":9,"column":26}},"2":{"start":{"line":9,"column":26},"end":{"line":9,"column":51}},"3":{"start":{"line":9,"column":51},"end":{"line":17,"column":null}},"4":{"start":{"line":13,"column":8},"end":{"line":16,"column":null}},"5":{"start":{"line":17,"column":10},"end":{"line":17,"column":null}},"6":{"start":{"line":17,"column":10},"end":{"line":18,"column":null}},"7":{"start":{"line":18,"column":8},"end":{"line":18,"column":170}},"8":{"start":{"line":18,"column":170},"end":{"line":18,"column":null}},"9":{"start":{"line":18,"column":170},"end":{"line":21,"column":null}},"10":{"start":{"line":21,"column":10},"end":{"line":21,"column":null}},"11":{"start":{"line":21,"column":58},"end":{"line":21,"column":null}},"12":{"start":{"line":21,"column":58},"end":{"line":25,"column":null}},"13":{"start":{"line":20,"column":8},"end":{"line":25,"column":null}},"14":{"start":{"line":25,"column":14},"end":{"line":25,"column":null}},"15":{"start":{"line":25,"column":14},"end":{"line":29,"column":null}},"16":{"start":{"line":27,"column":8},"end":{"line":29,"column":null}},"17":{"start":{"line":29,"column":17},"end":{"line":29,"column":null}},"18":{"start":{"line":29,"column":17},"end":{"line":30,"column":null}},"19":{"start":{"line":12,"column":6},"end":{"line":30,"column":null}},"20":{"start":{"line":30,"column":12},"end":{"line":30,"column":null}},"21":{"start":{"line":30,"column":12},"end":{"line":35,"column":null}},"22":{"start":{"line":33,"column":8},"end":{"line":35,"column":null}},"23":{"start":{"line":35,"column":13},"end":{"line":35,"column":null}},"24":{"start":{"line":35,"column":13},"end":{"line":38,"column":null}},"25":{"start":{"line":36,"column":8},"end":{"line":38,"column":null}},"26":{"start":{"line":38,"column":12},"end":{"line":38,"column":null}},"27":{"start":{"line":38,"column":12},"end":{"line":45,"column":null}},"28":{"start":{"line":41,"column":13},"end":{"line":45,"column":14}},"29":{"start":{"line":45,"column":14},"end":{"line":45,"column":null}},"30":{"start":{"line":45,"column":14},"end":{"line":47,"column":null}},"31":{"start":{"line":39,"column":8},"end":{"line":47,"column":null}},"32":{"start":{"line":47,"column":14},"end":{"line":47,"column":null}},"33":{"start":{"line":47,"column":14},"end":{"line":48,"column":null}},"34":{"start":{"line":32,"column":6},"end":{"line":48,"column":null}},"35":{"start":{"line":48,"column":12},"end":{"line":48,"column":null}},"36":{"start":{"line":48,"column":12},"end":{"line":49,"column":null}},"37":{"start":{"line":11,"column":4},"end":{"line":11,"column":null}},"38":{"start":{"line":49,"column":11},"end":{"line":49,"column":null}},"39":{"start":{"line":49,"column":11},"end":{"line":11,"column":5}}},"fnMap":{"0":{"name":"(anonymous_0)","decl":{"start":{"line":9,"column":13},"end":{"line":9,"column":25}},"loc":{"start":{"line":9,"column":25},"end":{"line":49,"column":null}},"line":9}},"branchMap":{"0":{"loc":{"start":{"line":9,"column":51},"end":{"line":17,"column":null}},"type":"if","locations":[{"start":{"line":9,"column":51},"end":{"line":17,"column":null}},{"start":{"line":17,"column":10},"end":{"line":17,"column":null}}],"line":9},"1":{"loc":{"start":{"line":9,"column":51},"end":{"line":9,"column":null}},"type":"binary-expr","locations":[{"start":{"line":9,"column":51},"end":{"line":9,"column":null}},{"start":{"line":9,"column":51},"end":{"line":9,"column":null}}],"line":9},"2":{"loc":{"start":{"line":17,"column":10},"end":{"line":18,"column":null}},"type":"if","locations":[{"start":{"line":17,"column":10},"end":{"line":18,"column":null}},{"start":{"line":18,"column":170},"end":{"line":18,"column":null}}],"line":17},"3":{"loc":{"start":{"line":18,"column":170},"end":{"line":21,"column":null}},"type":"if","locations":[{"start":{"line":18,"column":170},"end":{"line":21,"column":null}},{"start":{"line":21,"column":58},"end":{"line":21,"column":null}}],"line":18},"4":{"loc":{"start":{"line":21,"column":58},"end":{"line":25,"column":null}},"type":"if","locations":[{"start":{"line":21,"column":58},"end":{"line":25,"column":null}},{"start":{"line":25,"column":14},"end":{"line":25,"column":null}}],"line":21},"5":{"loc":{"start":{"line":25,"column":14},"end":{"line":29,"column":null}},"type":"if","locations":[{"start":{"line":25,"column":14},"end":{"line":29,"column":null}},{"start":{"line":29,"column":17},"end":{"line":29,"column":null}}],"line":25},"6":{"loc":{"start":{"line":29,"column":17},"end":{"line":30,"column":null}},"type":"if","locations":[{"start":{"line":29,"column":17},"end":{"line":30,"column":null}},{"start":{"line":30,"column":12},"end":{"line":30,"column":null}}],"line":29},"7":{"loc":{"start":{"line":29,"column":17},"end":{"line":29,"column":null}},"type":"binary-expr","locations":[{"start":{"line":29,"column":17},"end":{"line":29,"column":null}},{"start":{"line":29,"column":17},"end":{"line":29,"column":null}}],"line":29},"8":{"loc":{"start":{"line":30,"column":12},"end":{"line":35,"column":null}},"type":"if","locations":[{"start":{"line":30,"column":12},"end":{"line":35,"column":null}},{"start":{"line":35,"column":13},"end":{"line":35,"column":null}}],"line":30},"9":{"loc":{"start":{"line":35,"column":13},"end":{"line":38,"column":null}},"type":"if","locations":[{"start":{"line":35,"column":13},"end":{"line":38,"column":null}},{"start":{"line":38,"column":12},"end":{"line":38,"column":null}}],"line":35},"10":{"loc":{"start":{"line":38,"column":12},"end":{"line":45,"column":null}},"type":"if","locations":[{"start":{"line":38,"column":12},"end":{"line":45,"column":null}},{"start":{"line":45,"column":14},"end":{"line":45,"column":null}}],"line":38},"11":{"loc":{"start":{"line":45,"column":14},"end":{"line":47,"column":null}},"type":"if","locations":[{"start":{"line":45,"column":14},"end":{"line":47,"column":null}},{"start":{"line":47,"column":14},"end":{"line":47,"column":null}}],"line":45},"12":{"loc":{"start":{"line":47,"column":14},"end":{"line":48,"column":null}},"type":"if","locations":[{"start":{"line":47,"column":14},"end":{"line":48,"column":null}},{"start":{"line":48,"column":12},"end":{"line":48,"column":null}}],"line":47},"13":{"loc":{"start":{"line":47,"column":14},"end":{"line":47,"column":null}},"type":"binary-expr","locations":[{"start":{"line":47,"column":14},"end":{"line":47,"column":null}},{"start":{"line":47,"column":14},"end":{"line":47,"column":null}},{"start":{"line":47,"column":14},"end":{"line":47,"column":null}}],"line":47},"14":{"loc":{"start":{"line":48,"column":12},"end":{"line":49,"column":null}},"type":"if","locations":[{"start":{"line":48,"column":12},"end":{"line":49,"column":null}},{"start":{"line":49,"column":11},"end":{"line":49,"column":null}}],"line":48},"15":{"loc":{"start":{"line":48,"column":12},"end":{"line":48,"column":null}},"type":"binary-expr","locations":[{"start":{"line":48,"column":12},"end":{"line":48,"column":null}},{"start":{"line":48,"column":12},"end":{"line":48,"column":null}}],"line":48}},"s":{"0":1,"1":0,"2":0,"3":0,"4":0,"5":0,"6":0,"7":0,"8":0,"9":0,"10":0,"11":0,"12":0,"13":0,"14":0,"15":0,"16":0,"17":0,"18":0,"19":0,"20":0,"21":0,"22":0,"23":0,"24":0,"25":0,"26":0,"27":0,"28":0,"29":0,"30":0,"31":0,"32":0,"33":0,"34":0,"35":0,"36":0,"37":0,"38":0,"39":0},"f":{"0":0},"b":{"0":[0,0],"1":[0,0],"2":[0,0],"3":[0,0],"4":[0,0],"5":[0,0],"6":[0,0],"7":[0,0],"8":[0,0],"9":[0,0],"10":[0,0],"11":[0,0],"12":[0,0],"13":[0,0,0],"14":[0,0],"15":[0,0]},"meta":{"lastBranch":16,"lastFunction":1,"lastStatement":40,"seen":{"s:9:13:49:Infinity":0,"f:9:13:9:25":0,"s:9:25:9:26":1,"s:9:26:9:51":2,"b:9:51:17:Infinity:17:10:17:Infinity":0,"s:9:51:17:Infinity":3,"b:9:51:9:Infinity:9:51:9:Infinity":1,"s:13:8:16:Infinity":4,"s:17:10:17:Infinity":5,"b:17:10:18:Infinity:18:170:18:Infinity":2,"s:17:10:18:Infinity":6,"s:18:8:18:170":7,"s:18:170:18:Infinity":8,"b:18:170:21:Infinity:21:58:21:Infinity":3,"s:18:170:21:Infinity":9,"s:21:10:21:Infinity":10,"s:21:58:21:Infinity":11,"b:21:58:25:Infinity:25:14:25:Infinity":4,"s:21:58:25:Infinity":12,"s:20:8:25:Infinity":13,"s:25:14:25:Infinity":14,"b:25:14:29:Infinity:29:17:29:Infinity":5,"s:25:14:29:Infinity":15,"s:27:8:29:Infinity":16,"s:29:17:29:Infinity":17,"b:29:17:30:Infinity:30:12:30:Infinity":6,"s:29:17:30:Infinity":18,"b:29:17:29:Infinity:29:17:29:Infinity":7,"s:12:6:30:Infinity":19,"s:30:12:30:Infinity":20,"b:30:12:35:Infinity:35:13:35:Infinity":8,"s:30:12:35:Infinity":21,"s:33:8:35:Infinity":22,"s:35:13:35:Infinity":23,"b:35:13:38:Infinity:38:12:38:Infinity":9,"s:35:13:38:Infinity":24,"s:36:8:38:Infinity":25,"s:38:12:38:Infinity":26,"b:38:12:45:Infinity:45:14:45:Infinity":10,"s:38:12:45:Infinity":27,"s:41:13:45:14":28,"s:45:14:45:Infinity":29,"b:45:14:47:Infinity:47:14:47:Infinity":11,"s:45:14:47:Infinity":30,"s:39:8:47:Infinity":31,"s:47:14:47:Infinity":32,"b:47:14:48:Infinity:48:12:48:Infinity":12,"s:47:14:48:Infinity":33,"b:47:14:47:Infinity:47:14:47:Infinity:47:14:47:Infinity":13,"s:32:6:48:Infinity":34,"s:48:12:48:Infinity":35,"b:48:12:49:Infinity:49:11:49:Infinity":14,"s:48:12:49:Infinity":36,"b:48:12:48:Infinity:48:12:48:Infinity":15,"s:11:4:11:Infinity":37,"s:49:11:49:Infinity":38,"s:49:11:11:5":39},"fnNames":{}}}
,"/Users/joelbello/learn/practice/react/cineverse/src/movies/components/TrendingMovieList.tsx": {"path":"/Users/joelbello/learn/practice/react/cineverse/src/movies/components/TrendingMovieList.tsx","statementMap":{"0":{"start":{"line":12,"column":13},"end":{"line":38,"column":null}},"1":{"start":{"line":12,"column":33},"end":{"line":12,"column":34}},"2":{"start":{"line":12,"column":34},"end":{"line":12,"column":null}},"3":{"start":{"line":17,"column":8},"end":{"line":22,"column":5}},"4":{"start":{"line":18,"column":40},"end":{"line":22,"column":3}},"5":{"start":{"line":22,"column":3},"end":{"line":22,"column":5}},"6":{"start":{"line":18,"column":22},"end":{"line":22,"column":5}},"7":{"start":{"line":22,"column":5},"end":{"line":29,"column":null}},"8":{"start":{"line":27,"column":9},"end":{"line":29,"column":10}},"9":{"start":{"line":29,"column":10},"end":{"line":29,"column":null}},"10":{"start":{"line":29,"column":10},"end":{"line":30,"column":null}},"11":{"start":{"line":26,"column":6},"end":{"line":30,"column":null}},"12":{"start":{"line":30,"column":12},"end":{"line":30,"column":null}},"13":{"start":{"line":30,"column":12},"end":{"line":33,"column":null}},"14":{"start":{"line":33,"column":9},"end":{"line":33,"column":null}},"15":{"start":{"line":33,"column":60},"end":{"line":33,"column":null}},"16":{"start":{"line":33,"column":60},"end":{"line":36,"column":null}},"17":{"start":{"line":34,"column":9},"end":{"line":35,"column":null}},"18":{"start":{"line":36,"column":9},"end":{"line":36,"column":null}},"19":{"start":{"line":36,"column":9},"end":{"line":37,"column":null}},"20":{"start":{"line":32,"column":6},"end":{"line":37,"column":null}},"21":{"start":{"line":37,"column":12},"end":{"line":37,"column":null}},"22":{"start":{"line":37,"column":12},"end":{"line":38,"column":null}},"23":{"start":{"line":25,"column":4},"end":{"line":38,"column":null}},"24":{"start":{"line":38,"column":10},"end":{"line":38,"column":null}},"25":{"start":{"line":38,"column":10},"end":{"line":25,"column":null}},"26":{"start":{"line":12,"column":33},"end":{"line":28,"column":52}}},"fnMap":{"0":{"name":"(anonymous_0)","decl":{"start":{"line":12,"column":13},"end":{"line":12,"column":33}},"loc":{"start":{"line":12,"column":33},"end":{"line":38,"column":null}},"line":12},"1":{"name":"_temp","decl":{"start":{"line":12,"column":33},"end":{"line":12,"column":34}},"loc":{"start":{"line":12,"column":33},"end":{"line":28,"column":null}},"line":12}},"branchMap":{"0":{"loc":{"start":{"line":17,"column":8},"end":{"line":22,"column":5}},"type":"if","locations":[{"start":{"line":17,"column":8},"end":{"line":22,"column":5}},{"start":{"line":22,"column":3},"end":{"line":22,"column":5}}],"line":17},"1":{"loc":{"start":{"line":17,"column":8},"end":{"line":17,"column":null}},"type":"binary-expr","locations":[{"start":{"line":17,"column":8},"end":{"line":17,"column":null}},{"start":{"line":17,"column":8},"end":{"line":17,"column":null}},{"start":{"line":17,"column":8},"end":{"line":17,"column":null}}],"line":17},"2":{"loc":{"start":{"line":22,"column":5},"end":{"line":29,"column":null}},"type":"if","locations":[{"start":{"line":22,"column":5},"end":{"line":29,"column":null}},{"start":{"line":29,"column":10},"end":{"line":29,"column":null}}],"line":22},"3":{"loc":{"start":{"line":29,"column":10},"end":{"line":30,"column":null}},"type":"if","locations":[{"start":{"line":29,"column":10},"end":{"line":30,"column":null}},{"start":{"line":30,"column":12},"end":{"line":30,"column":null}}],"line":29},"4":{"loc":{"start":{"line":30,"column":12},"end":{"line":33,"column":null}},"type":"if","locations":[{"start":{"line":30,"column":12},"end":{"line":33,"column":null}},{"start":{"line":33,"column":60},"end":{"line":33,"column":null}}],"line":30},"5":{"loc":{"start":{"line":33,"column":9},"end":{"line":33,"column":null}},"type":"binary-expr","locations":[{"start":{"line":33,"column":9},"end":{"line":33,"column":22}},{"start":{"line":33,"column":22},"end":{"line":33,"column":null}}],"line":33},"6":{"loc":{"start":{"line":33,"column":60},"end":{"line":36,"column":null}},"type":"if","locations":[{"start":{"line":33,"column":60},"end":{"line":36,"column":null}},{"start":{"line":36,"column":9},"end":{"line":36,"column":null}}],"line":33},"7":{"loc":{"start":{"line":33,"column":60},"end":{"line":33,"column":null}},"type":"binary-expr","locations":[{"start":{"line":33,"column":60},"end":{"line":33,"column":null}},{"start":{"line":33,"column":60},"end":{"line":33,"column":null}}],"line":33},"8":{"loc":{"start":{"line":34,"column":9},"end":{"line":35,"column":null}},"type":"binary-expr","locations":[{"start":{"line":34,"column":9},"end":{"line":34,"column":21}},{"start":{"line":34,"column":21},"end":{"line":34,"column":null}},{"start":{"line":35,"column":10},"end":{"line":35,"column":null}}],"line":34},"9":{"loc":{"start":{"line":36,"column":9},"end":{"line":37,"column":null}},"type":"if","locations":[{"start":{"line":36,"column":9},"end":{"line":37,"column":null}},{"start":{"line":37,"column":12},"end":{"line":37,"column":null}}],"line":36},"10":{"loc":{"start":{"line":36,"column":9},"end":{"line":36,"column":null}},"type":"binary-expr","locations":[{"start":{"line":36,"column":9},"end":{"line":36,"column":null}},{"start":{"line":36,"column":9},"end":{"line":36,"column":null}},{"start":{"line":36,"column":9},"end":{"line":36,"column":null}}],"line":36},"11":{"loc":{"start":{"line":37,"column":12},"end":{"line":38,"column":null}},"type":"if","locations":[{"start":{"line":37,"column":12},"end":{"line":38,"column":null}},{"start":{"line":38,"column":10},"end":{"line":38,"column":null}}],"line":37},"12":{"loc":{"start":{"line":37,"column":12},"end":{"line":37,"column":null}},"type":"binary-expr","locations":[{"start":{"line":37,"column":12},"end":{"line":37,"column":null}},{"start":{"line":37,"column":12},"end":{"line":37,"column":null}}],"line":37}},"s":{"0":1,"1":1,"2":1,"3":1,"4":1,"5":0,"6":1,"7":1,"8":1,"9":0,"10":1,"11":1,"12":0,"13":1,"14":1,"15":0,"16":1,"17":1,"18":0,"19":1,"20":1,"21":0,"22":1,"23":1,"24":0,"25":1,"26":0},"f":{"0":1,"1":0},"b":{"0":[1,0],"1":[1,0,0],"2":[1,0],"3":[1,0],"4":[1,0],"5":[1,0],"6":[1,0],"7":[1,0],"8":[1,0,0],"9":[1,0],"10":[1,0,0],"11":[1,0],"12":[1,0]},"meta":{"lastBranch":13,"lastFunction":2,"lastStatement":27,"seen":{"s:12:13:38:Infinity":0,"f:12:13:12:33":0,"s:12:33:12:34":1,"s:12:34:12:Infinity":2,"b:17:8:22:5:22:3:22:5":0,"s:17:8:22:5":3,"b:17:8:17:Infinity:17:8:17:Infinity:17:8:17:Infinity":1,"s:18:40:22:3":4,"s:22:3:22:5":5,"s:18:22:22:5":6,"b:22:5:29:Infinity:29:10:29:Infinity":2,"s:22:5:29:Infinity":7,"s:27:9:29:10":8,"s:29:10:29:Infinity":9,"b:29:10:30:Infinity:30:12:30:Infinity":3,"s:29:10:30:Infinity":10,"s:26:6:30:Infinity":11,"s:30:12:30:Infinity":12,"b:30:12:33:Infinity:33:60:33:Infinity":4,"s:30:12:33:Infinity":13,"s:33:9:33:Infinity":14,"b:33:9:33:22:33:22:33:Infinity":5,"s:33:60:33:Infinity":15,"b:33:60:36:Infinity:36:9:36:Infinity":6,"s:33:60:36:Infinity":16,"b:33:60:33:Infinity:33:60:33:Infinity":7,"s:34:9:35:Infinity":17,"b:34:9:34:21:34:21:34:Infinity:35:10:35:Infinity":8,"s:36:9:36:Infinity":18,"b:36:9:37:Infinity:37:12:37:Infinity":9,"s:36:9:37:Infinity":19,"b:36:9:36:Infinity:36:9:36:Infinity:36:9:36:Infinity":10,"s:32:6:37:Infinity":20,"s:37:12:37:Infinity":21,"b:37:12:38:Infinity:38:10:38:Infinity":11,"s:37:12:38:Infinity":22,"b:37:12:37:Infinity:37:12:37:Infinity":12,"s:25:4:38:Infinity":23,"s:38:10:38:Infinity":24,"s:38:10:25:Infinity":25,"f:12:33:12:34":1,"s:12:33:28:52":26},"fnNames":{}}}
,"/Users/joelbello/learn/practice/react/cineverse/src/movies/hooks/useInfiniteScroll.ts": {"path":"/Users/joelbello/learn/practice/react/cineverse/src/movies/hooks/useInfiniteScroll.ts","statementMap":{"0":{"start":{"line":9,"column":7},"end":{"line":9,"column":34}},"1":{"start":{"line":9,"column":34},"end":{"line":9,"column":null}},"2":{"start":{"line":10,"column":22},"end":{"line":10,"column":58}},"3":{"start":{"line":10,"column":58},"end":{"line":17,"column":null}},"4":{"start":{"line":13,"column":4},"end":{"line":16,"column":null}},"5":{"start":{"line":13,"column":5},"end":{"line":13,"column":null}},"6":{"start":{"line":14,"column":6},"end":{"line":15,"column":null}},"7":{"start":{"line":15,"column":8},"end":{"line":15,"column":20}},"8":{"start":{"line":17,"column":5},"end":{"line":17,"column":null}},"9":{"start":{"line":12,"column":25},"end":{"line":12,"column":null}},"10":{"start":{"line":19,"column":4},"end":{"line":31,"column":22}},"11":{"start":{"line":21,"column":12},"end":{"line":30,"column":null}},"12":{"start":{"line":22,"column":20},"end":{"line":22,"column":null}},"13":{"start":{"line":23,"column":4},"end":{"line":23,"column":null}},"14":{"start":{"line":23,"column":16},"end":{"line":23,"column":null}},"15":{"start":{"line":25,"column":21},"end":{"line":27,"column":null}},"16":{"start":{"line":29,"column":4},"end":{"line":29,"column":29}},"17":{"start":{"line":29,"column":29},"end":{"line":30,"column":38}},"18":{"start":{"line":30,"column":17},"end":{"line":30,"column":38}},"19":{"start":{"line":31,"column":5},"end":{"line":31,"column":21}},"20":{"start":{"line":31,"column":21},"end":{"line":31,"column":22}},"21":{"start":{"line":21,"column":2},"end":{"line":31,"column":22}},"22":{"start":{"line":31,"column":22},"end":{"line":33,"column":20}}},"fnMap":{"0":{"name":"useInfiniteScroll","decl":{"start":{"line":9,"column":7},"end":{"line":9,"column":34}},"loc":{"start":{"line":9,"column":7},"end":{"line":33,"column":null}},"line":9},"1":{"name":"(anonymous_1)","decl":{"start":{"line":13,"column":4},"end":{"line":13,"column":5}},"loc":{"start":{"line":13,"column":4},"end":{"line":16,"column":null}},"line":13},"2":{"name":"(anonymous_2)","decl":{"start":{"line":21,"column":12},"end":{"line":21,"column":null}},"loc":{"start":{"line":21,"column":12},"end":{"line":30,"column":null}},"line":21},"3":{"name":"(anonymous_3)","decl":{"start":{"line":29,"column":29},"end":{"line":29,"column":null}},"loc":{"start":{"line":30,"column":17},"end":{"line":30,"column":38}},"line":30}},"branchMap":{"0":{"loc":{"start":{"line":10,"column":58},"end":{"line":17,"column":null}},"type":"if","locations":[{"start":{"line":10,"column":58},"end":{"line":17,"column":null}},{"start":{"line":17,"column":5},"end":{"line":17,"column":null}}],"line":10},"1":{"loc":{"start":{"line":10,"column":58},"end":{"line":10,"column":null}},"type":"binary-expr","locations":[{"start":{"line":10,"column":58},"end":{"line":10,"column":null}},{"start":{"line":10,"column":58},"end":{"line":10,"column":null}},{"start":{"line":10,"column":58},"end":{"line":10,"column":null}}],"line":10},"2":{"loc":{"start":{"line":14,"column":6},"end":{"line":15,"column":null}},"type":"if","locations":[{"start":{"line":14,"column":6},"end":{"line":15,"column":null}},{"start":{},"end":{}}],"line":14},"3":{"loc":{"start":{"line":14,"column":10},"end":{"line":14,"column":55}},"type":"binary-expr","locations":[{"start":{"line":14,"column":10},"end":{"line":14,"column":46}},{"start":{"line":14,"column":10},"end":{"line":14,"column":15}},{"start":{"line":14,"column":10},"end":{"line":14,"column":55}}],"line":14},"4":{"loc":{"start":{"line":19,"column":4},"end":{"line":31,"column":22}},"type":"if","locations":[{"start":{"line":19,"column":4},"end":{"line":31,"column":22}},{"start":{"line":31,"column":21},"end":{"line":31,"column":22}}],"line":19},"5":{"loc":{"start":{"line":23,"column":4},"end":{"line":23,"column":null}},"type":"if","locations":[{"start":{"line":23,"column":4},"end":{"line":23,"column":null}},{"start":{},"end":{}}],"line":23}},"s":{"0":1,"1":1,"2":1,"3":1,"4":1,"5":0,"6":0,"7":0,"8":0,"9":1,"10":1,"11":1,"12":1,"13":1,"14":0,"15":1,"16":1,"17":1,"18":1,"19":1,"20":0,"21":1,"22":1},"f":{"0":1,"1":0,"2":1,"3":1},"b":{"0":[1,0],"1":[1,0,0],"2":[0,0],"3":[0,0,0],"4":[1,0],"5":[0,1]},"meta":{"lastBranch":6,"lastFunction":4,"lastStatement":23,"seen":{"f:9:7:9:34":0,"s:9:7:9:34":0,"s:9:34:9:Infinity":1,"s:10:22:10:58":2,"b:10:58:17:Infinity:17:5:17:Infinity":0,"s:10:58:17:Infinity":3,"b:10:58:10:Infinity:10:58:10:Infinity:10:58:10:Infinity":1,"s:13:4:16:Infinity":4,"f:13:4:13:5":1,"s:13:5:13:Infinity":5,"b:14:6:15:Infinity:undefined:undefined:undefined:undefined":2,"s:14:6:15:Infinity":6,"b:14:10:14:46:14:10:14:15:14:10:14:55":3,"s:15:8:15:20":7,"s:17:5:17:Infinity":8,"s:12:25:12:Infinity":9,"b:19:4:31:22:31:21:31:22":4,"s:19:4:31:22":10,"s:21:12:30:Infinity":11,"f:21:12:21:Infinity":2,"s:22:20:22:Infinity":12,"b:23:4:23:Infinity:undefined:undefined:undefined:undefined":5,"s:23:4:23:Infinity":13,"s:23:16:23:Infinity":14,"s:25:21:27:Infinity":15,"s:29:4:29:29":16,"s:29:29:30:38":17,"f:29:29:29:Infinity":3,"s:30:17:30:38":18,"s:31:5:31:21":19,"s:31:21:31:22":20,"s:21:2:31:22":21,"s:31:22:33:20":22},"fnNames":{}}}
,"/Users/joelbello/learn/practice/react/cineverse/src/movies/hooks/useTrendingMovies.ts": {"path":"/Users/joelbello/learn/practice/react/cineverse/src/movies/hooks/useTrendingMovies.ts","statementMap":{"0":{"start":{"line":7,"column":13},"end":{"line":58,"column":null}},"1":{"start":{"line":8,"column":30},"end":{"line":8,"column":null}},"2":{"start":{"line":9,"column":26},"end":{"line":9,"column":null}},"3":{"start":{"line":10,"column":32},"end":{"line":10,"column":null}},"4":{"start":{"line":11,"column":32},"end":{"line":11,"column":null}},"5":{"start":{"line":13,"column":23},"end":{"line":13,"column":null}},"6":{"start":{"line":15,"column":21},"end":{"line":36,"column":null}},"7":{"start":{"line":16,"column":4},"end":{"line":16,"column":null}},"8":{"start":{"line":16,"column":30},"end":{"line":16,"column":null}},"9":{"start":{"line":18,"column":4},"end":{"line":18,"column":null}},"10":{"start":{"line":19,"column":4},"end":{"line":19,"column":null}},"11":{"start":{"line":21,"column":4},"end":{"line":35,"column":null}},"12":{"start":{"line":23,"column":8},"end":{"line":23,"column":null}},"13":{"start":{"line":25,"column":6},"end":{"line":27,"column":null}},"14":{"start":{"line":26,"column":8},"end":{"line":26,"column":null}},"15":{"start":{"line":29,"column":6},"end":{"line":29,"column":null}},"16":{"start":{"line":31,"column":6},"end":{"line":31,"column":null}},"17":{"start":{"line":33,"column":6},"end":{"line":33,"column":null}},"18":{"start":{"line":34,"column":6},"end":{"line":34,"column":null}},"19":{"start":{"line":38,"column":2},"end":{"line":40,"column":null}},"20":{"start":{"line":39,"column":4},"end":{"line":39,"column":null}},"21":{"start":{"line":42,"column":24},"end":{"line":50,"column":null}},"22":{"start":{"line":43,"column":4},"end":{"line":49,"column":null}},"23":{"start":{"line":44,"column":6},"end":{"line":48,"column":null}},"24":{"start":{"line":45,"column":25},"end":{"line":45,"column":null}},"25":{"start":{"line":46,"column":8},"end":{"line":46,"column":null}},"26":{"start":{"line":47,"column":8},"end":{"line":47,"column":null}},"27":{"start":{"line":52,"column":2},"end":{"line":57,"column":null}}},"fnMap":{"0":{"name":"(anonymous_0)","decl":{"start":{"line":7,"column":13},"end":{"line":7,"column":39}},"loc":{"start":{"line":7,"column":39},"end":{"line":58,"column":null}},"line":7},"1":{"name":"(anonymous_1)","decl":{"start":{"line":15,"column":33},"end":{"line":15,"column":40}},"loc":{"start":{"line":15,"column":64},"end":{"line":36,"column":5}},"line":15},"2":{"name":"(anonymous_2)","decl":{"start":{"line":25,"column":6},"end":{"line":25,"column":17}},"loc":{"start":{"line":26,"column":8},"end":{"line":26,"column":null}},"line":26},"3":{"name":"(anonymous_3)","decl":{"start":{"line":38,"column":2},"end":{"line":38,"column":18}},"loc":{"start":{"line":38,"column":18},"end":{"line":40,"column":5}},"line":38},"4":{"name":"(anonymous_4)","decl":{"start":{"line":42,"column":24},"end":{"line":42,"column":42}},"loc":{"start":{"line":42,"column":42},"end":{"line":50,"column":5}},"line":42},"5":{"name":"(anonymous_5)","decl":{"start":{"line":44,"column":6},"end":{"line":44,"column":15}},"loc":{"start":{"line":44,"column":28},"end":{"line":48,"column":7}},"line":44}},"branchMap":{"0":{"loc":{"start":{"line":16,"column":4},"end":{"line":16,"column":null}},"type":"if","locations":[{"start":{"line":16,"column":4},"end":{"line":16,"column":null}},{"start":{},"end":{}}],"line":16},"1":{"loc":{"start":{"line":26,"column":8},"end":{"line":26,"column":null}},"type":"cond-expr","locations":[{"start":{"line":26,"column":28},"end":{"line":26,"column":40}},{"start":{"line":26,"column":40},"end":{"line":26,"column":null}}],"line":26},"2":{"loc":{"start":{"line":43,"column":4},"end":{"line":49,"column":null}},"type":"if","locations":[{"start":{"line":43,"column":4},"end":{"line":49,"column":null}},{"start":{},"end":{}}],"line":43},"3":{"loc":{"start":{"line":43,"column":8},"end":{"line":43,"column":42}},"type":"binary-expr","locations":[{"start":{"line":43,"column":8},"end":{"line":43,"column":33}},{"start":{"line":43,"column":33},"end":{"line":43,"column":42}}],"line":43}},"s":{"0":1,"1":2,"2":2,"3":2,"4":2,"5":2,"6":2,"7":1,"8":0,"9":1,"10":1,"11":1,"12":1,"13":0,"14":0,"15":0,"16":0,"17":0,"18":0,"19":2,"20":1,"21":2,"22":0,"23":0,"24":0,"25":0,"26":0,"27":2},"f":{"0":2,"1":1,"2":0,"3":1,"4":0,"5":0},"b":{"0":[0,1],"1":[0,0],"2":[0,0],"3":[0,0]},"meta":{"lastBranch":4,"lastFunction":6,"lastStatement":28,"seen":{"s:7:13:58:Infinity":0,"f:7:13:7:39":0,"s:8:30:8:Infinity":1,"s:9:26:9:Infinity":2,"s:10:32:10:Infinity":3,"s:11:32:11:Infinity":4,"s:13:23:13:Infinity":5,"s:15:21:36:Infinity":6,"f:15:33:15:40":1,"b:16:4:16:Infinity:undefined:undefined:undefined:undefined":0,"s:16:4:16:Infinity":7,"s:16:30:16:Infinity":8,"s:18:4:18:Infinity":9,"s:19:4:19:Infinity":10,"s:21:4:35:Infinity":11,"s:23:8:23:Infinity":12,"s:25:6:27:Infinity":13,"f:25:6:25:17":2,"s:26:8:26:Infinity":14,"b:26:28:26:40:26:40:26:Infinity":1,"s:29:6:29:Infinity":15,"s:31:6:31:Infinity":16,"s:33:6:33:Infinity":17,"s:34:6:34:Infinity":18,"s:38:2:40:Infinity":19,"f:38:2:38:18":3,"s:39:4:39:Infinity":20,"s:42:24:50:Infinity":21,"f:42:24:42:42":4,"b:43:4:49:Infinity:undefined:undefined:undefined:undefined":2,"s:43:4:49:Infinity":22,"b:43:8:43:33:43:33:43:42":3,"s:44:6:48:Infinity":23,"f:44:6:44:15":5,"s:45:25:45:Infinity":24,"s:46:8:46:Infinity":25,"s:47:8:47:Infinity":26,"s:52:2:57:Infinity":27},"fnNames":{}}}
,"/Users/joelbello/learn/practice/react/cineverse/src/shared/components/Card.tsx": {"path":"/Users/joelbello/learn/practice/react/cineverse/src/shared/components/Card.tsx","statementMap":{"0":{"start":{"line":7,"column":13},"end":{"line":14,"column":null}},"1":{"start":{"line":7,"column":20},"end":{"line":7,"column":21}},"2":{"start":{"line":7,"column":20},"end":{"line":7,"column":null}},"3":{"start":{"line":7,"column":21},"end":{"line":7,"column":33}},"4":{"start":{"line":7,"column":69},"end":{"line":7,"column":null}},"5":{"start":{"line":7,"column":33},"end":{"line":7,"column":69}},"6":{"start":{"line":10,"column":17},"end":{"line":10,"column":265}},"7":{"start":{"line":10,"column":265},"end":{"line":14,"column":null}},"8":{"start":{"line":9,"column":4},"end":{"line":14,"column":null}},"9":{"start":{"line":14,"column":10},"end":{"line":14,"column":null}},"10":{"start":{"line":14,"column":10},"end":{"line":9,"column":null}}},"fnMap":{"0":{"name":"(anonymous_0)","decl":{"start":{"line":7,"column":13},"end":{"line":7,"column":20}},"loc":{"start":{"line":7,"column":20},"end":{"line":14,"column":null}},"line":7}},"branchMap":{"0":{"loc":{"start":{"line":7,"column":20},"end":{"line":7,"column":null}},"type":"if","locations":[{"start":{"line":7,"column":20},"end":{"line":7,"column":null}},{"start":{"line":7,"column":69},"end":{"line":7,"column":null}}],"line":7},"1":{"loc":{"start":{"line":7,"column":33},"end":{"line":7,"column":69}},"type":"cond-expr","locations":[{"start":{"line":7,"column":33},"end":{"line":7,"column":69}},{"start":{"line":7,"column":33},"end":{"line":7,"column":69}}],"line":7},"2":{"loc":{"start":{"line":10,"column":265},"end":{"line":14,"column":null}},"type":"if","locations":[{"start":{"line":10,"column":265},"end":{"line":14,"column":null}},{"start":{"line":14,"column":10},"end":{"line":14,"column":null}}],"line":10},"3":{"loc":{"start":{"line":10,"column":265},"end":{"line":10,"column":null}},"type":"binary-expr","locations":[{"start":{"line":10,"column":265},"end":{"line":10,"column":null}},{"start":{"line":10,"column":265},"end":{"line":10,"column":null}},{"start":{"line":10,"column":265},"end":{"line":10,"column":null}}],"line":10}},"s":{"0":2,"1":3,"2":3,"3":3,"4":0,"5":3,"6":3,"7":3,"8":3,"9":0,"10":3},"f":{"0":3},"b":{"0":[3,0],"1":[2,1],"2":[3,0],"3":[3,0,0]},"meta":{"lastBranch":4,"lastFunction":1,"lastStatement":11,"seen":{"s:7:13:14:Infinity":0,"f:7:13:7:20":0,"s:7:20:7:21":1,"b:7:20:7:Infinity:7:69:7:Infinity":0,"s:7:20:7:Infinity":2,"s:7:21:7:33":3,"s:7:69:7:Infinity":4,"s:7:33:7:69":5,"b:7:33:7:69:7:33:7:69":1,"s:10:17:10:265":6,"b:10:265:14:Infinity:14:10:14:Infinity":2,"s:10:265:14:Infinity":7,"b:10:265:10:Infinity:10:265:10:Infinity:10:265:10:Infinity":3,"s:9:4:14:Infinity":8,"s:14:10:14:Infinity":9,"s:14:10:9:Infinity":10},"fnNames":{}}}
,"/Users/joelbello/learn/practice/react/cineverse/src/stories/Button.tsx": {"path":"/Users/joelbello/learn/practice/react/cineverse/src/stories/Button.tsx","statementMap":{"0":{"start":{"line":17,"column":13},"end":{"line":37,"column":null}},"1":{"start":{"line":17,"column":22},"end":{"line":17,"column":23}},"2":{"start":{"line":17,"column":22},"end":{"line":23,"column":null}},"3":{"start":{"line":17,"column":23},"end":{"line":17,"column":null}},"4":{"start":{"line":23,"column":14},"end":{"line":23,"column":null}},"5":{"start":{"line":18,"column":2},"end":{"line":18,"column":null}},"6":{"start":{"line":19,"column":2},"end":{"line":19,"column":null}},"7":{"start":{"line":24,"column":15},"end":{"line":24,"column":null}},"8":{"start":{"line":30,"column":38},"end":{"line":30,"column":65}},"9":{"start":{"line":30,"column":65},"end":{"line":30,"column":null}},"10":{"start":{"line":30,"column":17},"end":{"line":30,"column":72}},"11":{"start":{"line":30,"column":72},"end":{"line":30,"column":null}},"12":{"start":{"line":30,"column":17},"end":{"line":32,"column":7}},"13":{"start":{"line":32,"column":7},"end":{"line":33,"column":null}},"14":{"start":{"line":33,"column":13},"end":{"line":33,"column":32}},"15":{"start":{"line":33,"column":32},"end":{"line":33,"column":null}},"16":{"start":{"line":33,"column":32},"end":{"line":37,"column":null}},"17":{"start":{"line":28,"column":4},"end":{"line":37,"column":null}},"18":{"start":{"line":37,"column":13},"end":{"line":37,"column":null}},"19":{"start":{"line":37,"column":13},"end":{"line":28,"column":null}}},"fnMap":{"0":{"name":"(anonymous_0)","decl":{"start":{"line":17,"column":13},"end":{"line":17,"column":22}},"loc":{"start":{"line":17,"column":22},"end":{"line":37,"column":null}},"line":17}},"branchMap":{"0":{"loc":{"start":{"line":17,"column":22},"end":{"line":23,"column":null}},"type":"if","locations":[{"start":{"line":17,"column":22},"end":{"line":23,"column":null}},{"start":{"line":23,"column":14},"end":{"line":23,"column":null}}],"line":17},"1":{"loc":{"start":{"line":18,"column":2},"end":{"line":18,"column":null}},"type":"cond-expr","locations":[{"start":{"line":18,"column":2},"end":{"line":18,"column":null}},{"start":{"line":18,"column":2},"end":{"line":18,"column":null}}],"line":18},"2":{"loc":{"start":{"line":19,"column":2},"end":{"line":19,"column":null}},"type":"cond-expr","locations":[{"start":{"line":19,"column":2},"end":{"line":19,"column":null}},{"start":{"line":19,"column":2},"end":{"line":19,"column":null}}],"line":19},"3":{"loc":{"start":{"line":24,"column":15},"end":{"line":24,"column":null}},"type":"cond-expr","locations":[{"start":{"line":24,"column":15},"end":{"line":24,"column":null}},{"start":{"line":24,"column":15},"end":{"line":24,"column":null}}],"line":24},"4":{"loc":{"start":{"line":30,"column":65},"end":{"line":30,"column":null}},"type":"if","locations":[{"start":{"line":30,"column":65},"end":{"line":30,"column":null}},{"start":{"line":30,"column":72},"end":{"line":30,"column":null}}],"line":30},"5":{"loc":{"start":{"line":30,"column":65},"end":{"line":30,"column":67}},"type":"binary-expr","locations":[{"start":{"line":30,"column":65},"end":{"line":30,"column":67}},{"start":{"line":30,"column":65},"end":{"line":30,"column":67}}],"line":30},"6":{"loc":{"start":{"line":32,"column":7},"end":{"line":33,"column":null}},"type":"if","locations":[{"start":{"line":32,"column":7},"end":{"line":33,"column":null}},{"start":{"line":33,"column":32},"end":{"line":33,"column":null}}],"line":32},"7":{"loc":{"start":{"line":33,"column":32},"end":{"line":37,"column":null}},"type":"if","locations":[{"start":{"line":33,"column":32},"end":{"line":37,"column":null}},{"start":{"line":37,"column":13},"end":{"line":37,"column":null}}],"line":33},"8":{"loc":{"start":{"line":33,"column":32},"end":{"line":33,"column":null}},"type":"binary-expr","locations":[{"start":{"line":33,"column":32},"end":{"line":33,"column":null}},{"start":{"line":33,"column":32},"end":{"line":33,"column":null}},{"start":{"line":33,"column":32},"end":{"line":33,"column":null}},{"start":{"line":33,"column":32},"end":{"line":33,"column":null}}],"line":33}},"s":{"0":3,"1":12,"2":12,"3":12,"4":0,"5":12,"6":12,"7":12,"8":12,"9":12,"10":12,"11":0,"12":12,"13":12,"14":11,"15":1,"16":12,"17":12,"18":0,"19":12},"f":{"0":12},"b":{"0":[12,0],"1":[8,4],"2":[2,10],"3":[4,8],"4":[12,0],"5":[12,0],"6":[11,1],"7":[12,0],"8":[12,0,0,0]},"meta":{"lastBranch":9,"lastFunction":1,"lastStatement":20,"seen":{"s:17:13:37:Infinity":0,"f:17:13:17:22":0,"s:17:22:17:23":1,"b:17:22:23:Infinity:23:14:23:Infinity":0,"s:17:22:23:Infinity":2,"s:17:23:17:Infinity":3,"s:23:14:23:Infinity":4,"s:18:2:18:Infinity":5,"b:18:2:18:Infinity:18:2:18:Infinity":1,"s:19:2:19:Infinity":6,"b:19:2:19:Infinity:19:2:19:Infinity":2,"s:24:15:24:Infinity":7,"b:24:15:24:Infinity:24:15:24:Infinity":3,"s:30:38:30:65":8,"b:30:65:30:Infinity:30:72:30:Infinity":4,"s:30:65:30:Infinity":9,"b:30:65:30:67:30:65:30:67":5,"s:30:17:30:72":10,"s:30:72:30:Infinity":11,"s:30:17:32:7":12,"b:32:7:33:Infinity:33:32:33:Infinity":6,"s:32:7:33:Infinity":13,"s:33:13:33:32":14,"s:33:32:33:Infinity":15,"b:33:32:37:Infinity:37:13:37:Infinity":7,"s:33:32:37:Infinity":16,"b:33:32:33:Infinity:33:32:33:Infinity:33:32:33:Infinity:33:32:33:Infinity":8,"s:28:4:37:Infinity":17,"s:37:13:37:Infinity":18,"s:37:13:28:Infinity":19},"fnNames":{}}}
,"/Users/joelbello/learn/practice/react/cineverse/src/stories/Header.tsx": {"path":"/Users/joelbello/learn/practice/react/cineverse/src/stories/Header.tsx","statementMap":{"0":{"start":{"line":15,"column":13},"end":{"line":68,"column":null}},"1":{"start":{"line":15,"column":22},"end":{"line":15,"column":23}},"2":{"start":{"line":15,"column":23},"end":{"line":15,"column":null}},"3":{"start":{"line":20,"column":14},"end":{"line":46,"column":null}},"4":{"start":{"line":23,"column":6},"end":{"line":46,"column":null}},"5":{"start":{"line":46,"column":12},"end":{"line":46,"column":null}},"6":{"start":{"line":46,"column":12},"end":{"line":68,"column":null}},"7":{"start":{"line":21,"column":2},"end":{"line":68,"column":null}},"8":{"start":{"line":68,"column":11},"end":{"line":68,"column":null}},"9":{"start":{"line":68,"column":11},"end":{"line":21,"column":null}}},"fnMap":{"0":{"name":"(anonymous_0)","decl":{"start":{"line":15,"column":13},"end":{"line":15,"column":22}},"loc":{"start":{"line":15,"column":22},"end":{"line":68,"column":null}},"line":15}},"branchMap":{"0":{"loc":{"start":{"line":20,"column":14},"end":{"line":46,"column":null}},"type":"if","locations":[{"start":{"line":20,"column":14},"end":{"line":46,"column":null}},{"start":{"line":46,"column":12},"end":{"line":46,"column":null}}],"line":20},"1":{"loc":{"start":{"line":46,"column":12},"end":{"line":68,"column":null}},"type":"if","locations":[{"start":{"line":46,"column":12},"end":{"line":68,"column":null}},{"start":{"line":68,"column":11},"end":{"line":68,"column":null}}],"line":46},"2":{"loc":{"start":{"line":46,"column":12},"end":{"line":46,"column":null}},"type":"binary-expr","locations":[{"start":{"line":46,"column":12},"end":{"line":46,"column":null}},{"start":{"line":46,"column":12},"end":{"line":46,"column":null}},{"start":{"line":46,"column":12},"end":{"line":46,"column":null}},{"start":{"line":46,"column":12},"end":{"line":46,"column":null}}],"line":46},"3":{"loc":{"start":{"line":48,"column":9},"end":{"line":66,"column":null}},"type":"cond-expr","locations":[{"start":{"line":48,"column":9},"end":{"line":48,"column":null}},{"start":{"line":48,"column":9},"end":{"line":66,"column":null}}],"line":48}},"s":{"0":2,"1":5,"2":5,"3":5,"4":4,"5":1,"6":5,"7":5,"8":0,"9":5},"f":{"0":5},"b":{"0":[4,1],"1":[5,0],"2":[5,1,1,1],"3":[2,3]},"meta":{"lastBranch":4,"lastFunction":1,"lastStatement":10,"seen":{"s:15:13:68:Infinity":0,"f:15:13:15:22":0,"s:15:22:15:23":1,"s:15:23:15:Infinity":2,"b:20:14:46:Infinity:46:12:46:Infinity":0,"s:20:14:46:Infinity":3,"s:23:6:46:Infinity":4,"s:46:12:46:Infinity":5,"b:46:12:68:Infinity:68:11:68:Infinity":1,"s:46:12:68:Infinity":6,"b:46:12:46:Infinity:46:12:46:Infinity:46:12:46:Infinity:46:12:46:Infinity":2,"s:21:2:68:Infinity":7,"b:48:9:48:Infinity:48:9:66:Infinity":3,"s:68:11:68:Infinity":8,"s:68:11:21:Infinity":9},"fnNames":{}}}
,"/Users/joelbello/learn/practice/react/cineverse/src/stories/Hero.tsx": {"path":"/Users/joelbello/learn/practice/react/cineverse/src/stories/Hero.tsx","statementMap":{"0":{"start":{"line":3,"column":13},"end":{"line":18,"column":null}},"1":{"start":{"line":3,"column":20},"end":{"line":3,"column":null}},"2":{"start":{"line":3,"column":20},"end":{"line":18,"column":null}},"3":{"start":{"line":4,"column":2},"end":{"line":18,"column":null}},"4":{"start":{"line":18,"column":12},"end":{"line":18,"column":null}},"5":{"start":{"line":18,"column":12},"end":{"line":4,"column":21}}},"fnMap":{"0":{"name":"(anonymous_0)","decl":{"start":{"line":3,"column":13},"end":{"line":3,"column":20}},"loc":{"start":{"line":3,"column":20},"end":{"line":18,"column":null}},"line":3}},"branchMap":{"0":{"loc":{"start":{"line":3,"column":20},"end":{"line":18,"column":null}},"type":"if","locations":[{"start":{"line":3,"column":20},"end":{"line":18,"column":null}},{"start":{"line":18,"column":12},"end":{"line":18,"column":null}}],"line":3}},"s":{"0":1,"1":1,"2":1,"3":1,"4":0,"5":1},"f":{"0":1},"b":{"0":[1,0]},"meta":{"lastBranch":1,"lastFunction":1,"lastStatement":6,"seen":{"s:3:13:18:Infinity":0,"f:3:13:3:20":0,"s:3:20:3:Infinity":1,"b:3:20:18:Infinity:18:12:18:Infinity":0,"s:3:20:18:Infinity":2,"s:4:2:18:Infinity":3,"s:18:12:18:Infinity":4,"s:18:12:4:21":5},"fnNames":{}}}
,"/Users/joelbello/learn/practice/react/cineverse/src/stories/Page.tsx": {"path":"/Users/joelbello/learn/practice/react/cineverse/src/stories/Page.tsx","statementMap":{"0":{"start":{"line":10,"column":13},"end":{"line":71,"column":null}},"1":{"start":{"line":10,"column":30},"end":{"line":10,"column":null}},"2":{"start":{"line":11,"column":26},"end":{"line":11,"column":49}},"3":{"start":{"line":11,"column":49},"end":{"line":19,"column":null}},"4":{"start":{"line":17,"column":17},"end":{"line":17,"column":null}},"5":{"start":{"line":17,"column":23},"end":{"line":17,"column":null}},"6":{"start":{"line":18,"column":18},"end":{"line":18,"column":null}},"7":{"start":{"line":18,"column":24},"end":{"line":18,"column":null}},"8":{"start":{"line":19,"column":25},"end":{"line":19,"column":60}},"9":{"start":{"line":19,"column":31},"end":{"line":19,"column":60}},"10":{"start":{"line":19,"column":60},"end":{"line":19,"column":null}},"11":{"start":{"line":19,"column":60},"end":{"line":20,"column":null}},"12":{"start":{"line":15,"column":6},"end":{"line":19,"column":null}},"13":{"start":{"line":20,"column":8},"end":{"line":20,"column":null}},"14":{"start":{"line":20,"column":8},"end":{"line":23,"column":null}},"15":{"start":{"line":23,"column":8},"end":{"line":23,"column":null}},"16":{"start":{"line":23,"column":35},"end":{"line":23,"column":null}},"17":{"start":{"line":23,"column":35},"end":{"line":45,"column":null}},"18":{"start":{"line":24,"column":8},"end":{"line":30,"column":null}},"19":{"start":{"line":31,"column":8},"end":{"line":35,"column":null}},"20":{"start":{"line":36,"column":8},"end":{"line":45,"column":null}},"21":{"start":{"line":45,"column":13},"end":{"line":45,"column":null}},"22":{"start":{"line":45,"column":13},"end":{"line":50,"column":null}},"23":{"start":{"line":48,"column":10},"end":{"line":50,"column":null}},"24":{"start":{"line":50,"column":14},"end":{"line":50,"column":null}},"25":{"start":{"line":50,"column":14},"end":{"line":56,"column":null}},"26":{"start":{"line":46,"column":8},"end":{"line":56,"column":null}},"27":{"start":{"line":56,"column":12},"end":{"line":56,"column":null}},"28":{"start":{"line":56,"column":12},"end":{"line":58,"column":83}},"29":{"start":{"line":58,"column":10},"end":{"line":58,"column":83}},"30":{"start":{"line":58,"column":42},"end":{"line":58,"column":83}},"31":{"start":{"line":58,"column":42},"end":{"line":70,"column":null}},"32":{"start":{"line":22,"column":6},"end":{"line":70,"column":null}},"33":{"start":{"line":70,"column":16},"end":{"line":70,"column":null}},"34":{"start":{"line":70,"column":16},"end":{"line":71,"column":null}},"35":{"start":{"line":14,"column":4},"end":{"line":71,"column":null}},"36":{"start":{"line":71,"column":14},"end":{"line":71,"column":null}},"37":{"start":{"line":71,"column":14},"end":{"line":14,"column":null}}},"fnMap":{"0":{"name":"(anonymous_0)","decl":{"start":{"line":10,"column":13},"end":{"line":10,"column":30}},"loc":{"start":{"line":10,"column":30},"end":{"line":71,"column":null}},"line":10},"1":{"name":"(anonymous_1)","decl":{"start":{"line":17,"column":17},"end":{"line":17,"column":23}},"loc":{"start":{"line":17,"column":23},"end":{"line":17,"column":null}},"line":17},"2":{"name":"(anonymous_2)","decl":{"start":{"line":18,"column":18},"end":{"line":18,"column":24}},"loc":{"start":{"line":18,"column":24},"end":{"line":18,"column":null}},"line":18},"3":{"name":"(anonymous_3)","decl":{"start":{"line":19,"column":25},"end":{"line":19,"column":31}},"loc":{"start":{"line":19,"column":31},"end":{"line":19,"column":60}},"line":19}},"branchMap":{"0":{"loc":{"start":{"line":11,"column":49},"end":{"line":19,"column":null}},"type":"if","locations":[{"start":{"line":11,"column":49},"end":{"line":19,"column":null}},{"start":{"line":19,"column":60},"end":{"line":19,"column":null}}],"line":11},"1":{"loc":{"start":{"line":19,"column":60},"end":{"line":20,"column":null}},"type":"if","locations":[{"start":{"line":19,"column":60},"end":{"line":20,"column":null}},{"start":{"line":20,"column":8},"end":{"line":20,"column":null}}],"line":19},"2":{"loc":{"start":{"line":20,"column":8},"end":{"line":23,"column":null}},"type":"if","locations":[{"start":{"line":20,"column":8},"end":{"line":23,"column":null}},{"start":{"line":23,"column":35},"end":{"line":23,"column":null}}],"line":20},"3":{"loc":{"start":{"line":23,"column":35},"end":{"line":45,"column":null}},"type":"if","locations":[{"start":{"line":23,"column":35},"end":{"line":45,"column":null}},{"start":{"line":45,"column":13},"end":{"line":45,"column":null}}],"line":23},"4":{"loc":{"start":{"line":45,"column":13},"end":{"line":50,"column":null}},"type":"if","locations":[{"start":{"line":45,"column":13},"end":{"line":50,"column":null}},{"start":{"line":50,"column":14},"end":{"line":50,"column":null}}],"line":45},"5":{"loc":{"start":{"line":50,"column":14},"end":{"line":56,"column":null}},"type":"if","locations":[{"start":{"line":50,"column":14},"end":{"line":56,"column":null}},{"start":{"line":56,"column":12},"end":{"line":56,"column":null}}],"line":50},"6":{"loc":{"start":{"line":56,"column":12},"end":{"line":58,"column":83}},"type":"if","locations":[{"start":{"line":56,"column":12},"end":{"line":58,"column":83}},{"start":{"line":58,"column":42},"end":{"line":58,"column":83}}],"line":56},"7":{"loc":{"start":{"line":58,"column":42},"end":{"line":70,"column":null}},"type":"if","locations":[{"start":{"line":58,"column":42},"end":{"line":70,"column":null}},{"start":{"line":70,"column":16},"end":{"line":70,"column":null}}],"line":58},"8":{"loc":{"start":{"line":70,"column":16},"end":{"line":71,"column":null}},"type":"if","locations":[{"start":{"line":70,"column":16},"end":{"line":71,"column":null}},{"start":{"line":71,"column":14},"end":{"line":71,"column":null}}],"line":70}},"s":{"0":1,"1":3,"2":3,"3":3,"4":2,"5":1,"6":2,"7":0,"8":2,"9":0,"10":1,"11":3,"12":3,"13":0,"14":3,"15":2,"16":1,"17":3,"18":2,"19":2,"20":2,"21":1,"22":3,"23":2,"24":1,"25":3,"26":2,"27":1,"28":3,"29":2,"30":1,"31":3,"32":2,"33":1,"34":3,"35":3,"36":0,"37":3},"f":{"0":3,"1":1,"2":0,"3":0},"b":{"0":[2,1],"1":[3,0],"2":[2,1],"3":[2,1],"4":[2,1],"5":[2,1],"6":[2,1],"7":[2,1],"8":[3,0]},"meta":{"lastBranch":9,"lastFunction":4,"lastStatement":38,"seen":{"s:10:13:71:Infinity":0,"f:10:13:10:30":0,"s:10:30:10:Infinity":1,"s:11:26:11:49":2,"b:11:49:19:Infinity:19:60:19:Infinity":0,"s:11:49:19:Infinity":3,"s:17:17:17:Infinity":4,"f:17:17:17:23":1,"s:17:23:17:Infinity":5,"s:18:18:18:Infinity":6,"f:18:18:18:24":2,"s:18:24:18:Infinity":7,"s:19:25:19:60":8,"f:19:25:19:31":3,"s:19:31:19:60":9,"s:19:60:19:Infinity":10,"b:19:60:20:Infinity:20:8:20:Infinity":1,"s:19:60:20:Infinity":11,"s:15:6:19:Infinity":12,"s:20:8:20:Infinity":13,"b:20:8:23:Infinity:23:35:23:Infinity":2,"s:20:8:23:Infinity":14,"s:23:8:23:Infinity":15,"s:23:35:23:Infinity":16,"b:23:35:45:Infinity:45:13:45:Infinity":3,"s:23:35:45:Infinity":17,"s:24:8:30:Infinity":18,"s:31:8:35:Infinity":19,"s:36:8:45:Infinity":20,"s:45:13:45:Infinity":21,"b:45:13:50:Infinity:50:14:50:Infinity":4,"s:45:13:50:Infinity":22,"s:48:10:50:Infinity":23,"s:50:14:50:Infinity":24,"b:50:14:56:Infinity:56:12:56:Infinity":5,"s:50:14:56:Infinity":25,"s:46:8:56:Infinity":26,"s:56:12:56:Infinity":27,"b:56:12:58:83:58:42:58:83":6,"s:56:12:58:83":28,"s:58:10:58:83":29,"s:58:42:58:83":30,"b:58:42:70:Infinity:70:16:70:Infinity":7,"s:58:42:70:Infinity":31,"s:22:6:70:Infinity":32,"s:70:16:70:Infinity":33,"b:70:16:71:Infinity:71:14:71:Infinity":8,"s:70:16:71:Infinity":34,"s:14:4:71:Infinity":35,"s:71:14:71:Infinity":36,"s:71:14:14:Infinity":37},"fnNames":{}}}
,"/Users/joelbello/learn/practice/react/cineverse/src/stories/button.css": {"path":"/Users/joelbello/learn/practice/react/cineverse/src/stories/button.css","statementMap":{},"fnMap":{},"branchMap":{},"s":{},"f":{},"b":{},"meta":{"lastBranch":0,"lastFunction":0,"lastStatement":0,"seen":{},"fnNames":{}}}
,"/Users/joelbello/learn/practice/react/cineverse/src/stories/header.css": {"path":"/Users/joelbello/learn/practice/react/cineverse/src/stories/header.css","statementMap":{},"fnMap":{},"branchMap":{},"s":{},"f":{},"b":{},"meta":{"lastBranch":0,"lastFunction":0,"lastStatement":0,"seen":{},"fnNames":{}}}
,"/Users/joelbello/learn/practice/react/cineverse/src/stories/page.css": {"path":"/Users/joelbello/learn/practice/react/cineverse/src/stories/page.css","statementMap":{},"fnMap":{},"branchMap":{},"s":{},"f":{},"b":{},"meta":{"lastBranch":0,"lastFunction":0,"lastStatement":0,"seen":{},"fnNames":{}}}
}
