{"/Users/joelbello/learn/practice/react/cineverse/src/layout/Hero.tsx": {"path":"/Users/joelbello/learn/practice/react/cineverse/src/layout/Hero.tsx","statementMap":{"0":{"start":{"line":3,"column":7},"end":{"line":3,"column":null}},"1":{"start":{"line":3,"column":7},"end":{"line":19,"column":null}},"2":{"start":{"line":5,"column":4},"end":{"line":19,"column":null}},"3":{"start":{"line":19,"column":14},"end":{"line":19,"column":null}},"4":{"start":{"line":19,"column":14},"end":{"line":5,"column":23}}},"fnMap":{"0":{"name":"Hero","decl":{"start":{"line":3,"column":7},"end":{"line":3,"column":null}},"loc":{"start":{"line":3,"column":7},"end":{"line":19,"column":null}},"line":3}},"branchMap":{"0":{"loc":{"start":{"line":3,"column":7},"end":{"line":19,"column":null}},"type":"if","locations":[{"start":{"line":3,"column":7},"end":{"line":19,"column":null}},{"start":{"line":19,"column":14},"end":{"line":19,"column":null}}],"line":3}},"s":{"0":1,"1":1,"2":1,"3":0,"4":1},"f":{"0":1},"b":{"0":[1,0]},"meta":{"lastBranch":1,"lastFunction":1,"lastStatement":5,"seen":{"f:3:7:3:Infinity":0,"s:3:7:3:Infinity":0,"b:3:7:19:Infinity:19:14:19:Infinity":0,"s:3:7:19:Infinity":1,"s:5:4:19:Infinity":2,"s:19:14:19:Infinity":3,"s:19:14:5:23":4},"fnNames":{}}}
}
